

Started GET "/" for 127.0.0.1 at 2016-11-01 06:37:37 -0300
Processing by Rails::WelcomeController#index as HTML
  Rendered /usr/lib/ruby/vendor_ruby/rails/templates/rails/welcome/index.html.erb (2.7ms)
Completed 200 OK in 72ms (Views: 41.3ms | ActiveRecord: 0.0ms)


Started GET "/" for 127.0.0.1 at 2016-11-01 06:37:56 -0300
Processing by Rails::WelcomeController#index as HTML
  Rendered /usr/lib/ruby/vendor_ruby/rails/templates/rails/welcome/index.html.erb (0.2ms)
Completed 200 OK in 7ms (Views: 6.7ms | ActiveRecord: 0.0ms)
  [1m[36m (8.0ms)[0m  [1mCREATE TABLE "schema_migrations" ("version" varchar NOT NULL) [0m
  [1m[35m (0.1ms)[0m  select sqlite_version(*)
  [1m[36m (8.1ms)[0m  [1mCREATE UNIQUE INDEX "unique_schema_migrations" ON "schema_migrations" ("version")[0m
  [1m[35mActiveRecord::SchemaMigration Load (0.1ms)[0m  SELECT "schema_migrations".* FROM "schema_migrations"
Migrating to CreateIdeas (20161101093922)
  [1m[36m (0.1ms)[0m  [1mbegin transaction[0m
  [1m[35m (0.4ms)[0m  CREATE TABLE "ideas" ("id" INTEGER PRIMARY KEY AUTOINCREMENT NOT NULL, "name" varchar, "description" text, "picture" varchar, "created_at" datetime NOT NULL, "updated_at" datetime NOT NULL) 
  [1m[36mSQL (0.2ms)[0m  [1mINSERT INTO "schema_migrations" ("version") VALUES (?)[0m  [["version", "20161101093922"]]
  [1m[35m (49.3ms)[0m  commit transaction
  [1m[36mActiveRecord::SchemaMigration Load (0.1ms)[0m  [1mSELECT "schema_migrations".* FROM "schema_migrations"[0m


Started GET "/ideas" for 127.0.0.1 at 2016-11-01 06:40:49 -0300
  [1m[36mActiveRecord::SchemaMigration Load (0.2ms)[0m  [1mSELECT "schema_migrations".* FROM "schema_migrations"[0m
Processing by IdeasController#index as HTML
  [1m[35mIdea Load (0.3ms)[0m  SELECT "ideas".* FROM "ideas"
  Rendered ideas/index.html.erb within layouts/application (5.6ms)
Completed 200 OK in 5052ms (Views: 5022.9ms | ActiveRecord: 0.4ms)


Started GET "/assets/ideas.self-e3b0c44298fc1c149afbf4c8996fb92427ae41e4649b934ca495991b7852b855.css?body=1" for 127.0.0.1 at 2016-11-01 06:40:55 -0300


Started GET "/assets/scaffolds.self-5ade5bdcc29b53cd922a416dde670ac8507cb8efab300a0f98cab4ce82c7e356.css?body=1" for 127.0.0.1 at 2016-11-01 06:40:55 -0300


Started GET "/ideas/new" for 127.0.0.1 at 2016-11-01 06:41:00 -0300
Processing by IdeasController#new as HTML
  Rendered ideas/_form.html.erb (78.1ms)
  Rendered ideas/new.html.erb within layouts/application (117.0ms)
Completed 200 OK in 317ms (Views: 286.8ms | ActiveRecord: 5.6ms)


Started POST "/ideas" for 127.0.0.1 at 2016-11-01 06:41:08 -0300
Processing by IdeasController#create as HTML
  Parameters: {"utf8"=>"✓", "authenticity_token"=>"rKkpL7eQvjxWbEQG/qWCpQMGLSeX6Si/sMC+fDLen42/tMmjiC12Hsw64vRArSqN86pYQ2R3SDquFEDxTg76Hg==", "idea"=>{"name"=>"", "description"=>"", "picture"=>""}, "commit"=>"Create Idea"}
  [1m[36m (0.1ms)[0m  [1mbegin transaction[0m
  [1m[35mSQL (5.6ms)[0m  INSERT INTO "ideas" ("name", "description", "picture", "created_at", "updated_at") VALUES (?, ?, ?, ?, ?)  [["name", ""], ["description", ""], ["picture", ""], ["created_at", "2016-11-01 09:41:08.810388"], ["updated_at", "2016-11-01 09:41:08.810388"]]
  [1m[36m (25.8ms)[0m  [1mcommit transaction[0m
Redirected to http://localhost:3000/ideas/1
Completed 302 Found in 61ms (ActiveRecord: 31.5ms)


Started GET "/ideas/1" for 127.0.0.1 at 2016-11-01 06:41:08 -0300
Processing by IdeasController#show as HTML
  Parameters: {"id"=>"1"}
  [1m[35mIdea Load (0.0ms)[0m  SELECT  "ideas".* FROM "ideas" WHERE "ideas"."id" = ? LIMIT 1  [["id", 1]]
  Rendered ideas/show.html.erb within layouts/application (1.3ms)
Completed 200 OK in 181ms (Views: 119.4ms | ActiveRecord: 0.0ms)


Started GET "/ideas" for 127.0.0.1 at 2016-11-01 06:41:13 -0300
Processing by IdeasController#index as HTML
  [1m[36mIdea Load (0.9ms)[0m  [1mSELECT "ideas".* FROM "ideas"[0m
  Rendered ideas/index.html.erb within layouts/application (10.7ms)
Completed 200 OK in 168ms (Views: 166.7ms | ActiveRecord: 0.9ms)


Started GET "/" for 127.0.0.1 at 2016-11-01 06:48:10 -0300
  [1m[36mActiveRecord::SchemaMigration Load (0.1ms)[0m  [1mSELECT "schema_migrations".* FROM "schema_migrations"[0m
Processing by Rails::WelcomeController#index as HTML
  Rendered /usr/lib/ruby/vendor_ruby/rails/templates/rails/welcome/index.html.erb (0.8ms)
Completed 200 OK in 52ms (Views: 17.5ms | ActiveRecord: 0.0ms)


Started GET "/ideas" for 127.0.0.1 at 2016-11-01 06:48:21 -0300
Processing by IdeasController#index as HTML
  [1m[35mIdea Load (0.7ms)[0m  SELECT "ideas".* FROM "ideas"
  Rendered ideas/index.html.erb within layouts/application (20.5ms)
Completed 200 OK in 932ms (Views: 913.3ms | ActiveRecord: 1.2ms)


Started GET "/ideas" for 127.0.0.1 at 2016-11-01 06:49:30 -0300
  [1m[36mActiveRecord::SchemaMigration Load (0.2ms)[0m  [1mSELECT "schema_migrations".* FROM "schema_migrations"[0m
Processing by IdeasController#index as HTML
  [1m[35mIdea Load (0.3ms)[0m  SELECT "ideas".* FROM "ideas"
  Rendered ideas/index.html.erb within layouts/application (18.3ms)
Completed 200 OK in 925ms (Views: 900.0ms | ActiveRecord: 0.6ms)


Started GET "/assets/ideas.self-e3b0c44298fc1c149afbf4c8996fb92427ae41e4649b934ca495991b7852b855.css?body=1" for 127.0.0.1 at 2016-11-01 06:49:31 -0300


Started GET "/assets/scaffolds.self-5ade5bdcc29b53cd922a416dde670ac8507cb8efab300a0f98cab4ce82c7e356.css?body=1" for 127.0.0.1 at 2016-11-01 06:49:31 -0300


Started GET "/assets/application.self-e80e8f2318043e8af94dddc2adad5a4f09739a8ebb323b3ab31cd71d45fd9113.css?body=1" for 127.0.0.1 at 2016-11-01 06:49:31 -0300


Started GET "/assets/jquery.self-725288d71923a3a32b5ebc195de11754a9b74d665f5e3b4410c9608b1bd2949b.js?body=1" for 127.0.0.1 at 2016-11-01 06:49:31 -0300


Started GET "/assets/application.self-3b8dabdc891efe46b9a144b400ad69e37d7e5876bdc39dee783419a69d7ca819.js?body=1" for 127.0.0.1 at 2016-11-01 06:49:31 -0300


Started GET "/assets/jquery_ujs.self-d456baa54c1fa6be2ec3711f0a72ddf7a5b2f34a6b4f515f33767d6207b7d4b3.js?body=1" for 127.0.0.1 at 2016-11-01 06:49:31 -0300


Started GET "/assets/turbolinks.self-c37727e9bd6b2735da5c311aa83fead54ed0be6cc8bd9a65309e9c5abe2cbfff.js?body=1" for 127.0.0.1 at 2016-11-01 06:49:31 -0300


Started GET "/assets/ideas.self-877aef30ae1b040ab8a3aba4e3e309a11d7f2612f44dde450b5c157aa5f95c05.js?body=1" for 127.0.0.1 at 2016-11-01 06:49:31 -0300


Started GET "/ideas" for 127.0.0.1 at 2016-11-01 07:14:39 -0300
  [1m[36mActiveRecord::SchemaMigration Load (0.1ms)[0m  [1mSELECT "schema_migrations".* FROM "schema_migrations"[0m
Processing by IdeasController#index as HTML
  [1m[35mIdea Load (0.2ms)[0m  SELECT "ideas".* FROM "ideas"
  Rendered ideas/index.html.erb within layouts/application (14.5ms)
Completed 200 OK in 1299ms (Views: 1242.3ms | ActiveRecord: 0.8ms)


Started GET "/assets/jquery.self-725288d71923a3a32b5ebc195de11754a9b74d665f5e3b4410c9608b1bd2949b.js?body=1" for 127.0.0.1 at 2016-11-01 07:14:42 -0300


Started GET "/assets/turbolinks.self-c37727e9bd6b2735da5c311aa83fead54ed0be6cc8bd9a65309e9c5abe2cbfff.js?body=1" for 127.0.0.1 at 2016-11-01 07:14:42 -0300


Started GET "/assets/jquery_ujs.self-d456baa54c1fa6be2ec3711f0a72ddf7a5b2f34a6b4f515f33767d6207b7d4b3.js?body=1" for 127.0.0.1 at 2016-11-01 07:14:42 -0300


Started GET "/assets/ideas.self-877aef30ae1b040ab8a3aba4e3e309a11d7f2612f44dde450b5c157aa5f95c05.js?body=1" for 127.0.0.1 at 2016-11-01 07:14:42 -0300


Started GET "/assets/application.self-3b8dabdc891efe46b9a144b400ad69e37d7e5876bdc39dee783419a69d7ca819.js?body=1" for 127.0.0.1 at 2016-11-01 07:14:42 -0300


Started GET "/ideas" for 127.0.0.1 at 2016-11-01 07:18:15 -0300
  [1m[36mActiveRecord::SchemaMigration Load (0.3ms)[0m  [1mSELECT "schema_migrations".* FROM "schema_migrations"[0m

ActionController::RoutingError (No route matches [GET] "/ideas"):
  /usr/lib/ruby/vendor_ruby/action_dispatch/middleware/debug_exceptions.rb:21:in `call'
  /usr/lib/ruby/vendor_ruby/web_console/middleware.rb:39:in `call'
  /usr/lib/ruby/vendor_ruby/action_dispatch/middleware/show_exceptions.rb:30:in `call'
  /usr/lib/ruby/vendor_ruby/rails/rack/logger.rb:38:in `call_app'
  /usr/lib/ruby/vendor_ruby/rails/rack/logger.rb:20:in `block in call'
  /usr/lib/ruby/vendor_ruby/active_support/tagged_logging.rb:68:in `block in tagged'
  /usr/lib/ruby/vendor_ruby/active_support/tagged_logging.rb:26:in `tagged'
  /usr/lib/ruby/vendor_ruby/active_support/tagged_logging.rb:68:in `tagged'
  /usr/lib/ruby/vendor_ruby/rails/rack/logger.rb:20:in `call'
  /usr/lib/ruby/vendor_ruby/action_dispatch/middleware/request_id.rb:21:in `call'
  /usr/lib/ruby/vendor_ruby/rack/methodoverride.rb:22:in `call'
  /usr/lib/ruby/vendor_ruby/rack/runtime.rb:18:in `call'
  /usr/lib/ruby/vendor_ruby/active_support/cache/strategy/local_cache_middleware.rb:28:in `call'
  /usr/lib/ruby/vendor_ruby/rack/lock.rb:17:in `call'
  /usr/lib/ruby/vendor_ruby/action_dispatch/middleware/static.rb:120:in `call'
  /usr/lib/ruby/vendor_ruby/rack/sendfile.rb:113:in `call'
  /usr/lib/ruby/vendor_ruby/rails/engine.rb:518:in `call'
  /usr/lib/ruby/vendor_ruby/rails/application.rb:165:in `call'
  /usr/lib/ruby/vendor_ruby/rack/lock.rb:17:in `call'
  /usr/lib/ruby/vendor_ruby/rack/content_length.rb:15:in `call'
  /usr/lib/ruby/vendor_ruby/rack/handler/webrick.rb:88:in `service'
  /usr/lib/ruby/2.3.0/webrick/httpserver.rb:140:in `service'
  /usr/lib/ruby/2.3.0/webrick/httpserver.rb:96:in `run'
  /usr/lib/ruby/2.3.0/webrick/server.rb:296:in `block in start_thread'


  Rendered /usr/lib/ruby/vendor_ruby/action_dispatch/middleware/templates/rescues/_trace.html.erb (2.1ms)
  Rendered /usr/lib/ruby/vendor_ruby/action_dispatch/middleware/templates/routes/_route.html.erb (1.2ms)
  Rendered /usr/lib/ruby/vendor_ruby/action_dispatch/middleware/templates/routes/_table.html.erb (26.2ms)
  Rendered /usr/lib/ruby/vendor_ruby/action_dispatch/middleware/templates/rescues/_request_and_response.html.erb (29.6ms)
  Rendered /usr/lib/ruby/vendor_ruby/action_dispatch/middleware/templates/rescues/routing_error.html.erb within rescues/layout (152.3ms)
  Rendered /usr/lib/ruby/vendor_ruby/web_console/templates/_markup.html.erb (0.6ms)
  Rendered /usr/lib/ruby/vendor_ruby/web_console/templates/_inner_console_markup.html.erb within layouts/inlined_string (0.8ms)
  Rendered /usr/lib/ruby/vendor_ruby/web_console/templates/_prompt_box_markup.html.erb within layouts/inlined_string (0.4ms)
  Rendered /usr/lib/ruby/vendor_ruby/web_console/templates/style.css.erb within layouts/inlined_string (0.0ms)
  Rendered /usr/lib/ruby/vendor_ruby/web_console/templates/console.js.erb within layouts/javascript (53.2ms)
  Rendered /usr/lib/ruby/vendor_ruby/web_console/templates/main.js.erb within layouts/javascript (0.1ms)
  Rendered /usr/lib/ruby/vendor_ruby/web_console/templates/error_page.js.erb within layouts/javascript (0.6ms)
  Rendered /usr/lib/ruby/vendor_ruby/web_console/templates/index.html.erb (105.4ms)


Started GET "/ideas" for 127.0.0.1 at 2016-11-01 07:21:34 -0300
Processing by IdeasController#index as HTML
  [1m[35mIdea Load (16.3ms)[0m  SELECT "ideas".* FROM "ideas"
  Rendered ideas/index.html.erb within layouts/application (34.8ms)
Completed 200 OK in 747ms (Views: 705.2ms | ActiveRecord: 16.9ms)


Started GET "/assets/jquery.self-725288d71923a3a32b5ebc195de11754a9b74d665f5e3b4410c9608b1bd2949b.js?body=1" for 127.0.0.1 at 2016-11-01 07:21:35 -0300


Started GET "/assets/jquery_ujs.self-d456baa54c1fa6be2ec3711f0a72ddf7a5b2f34a6b4f515f33767d6207b7d4b3.js?body=1" for 127.0.0.1 at 2016-11-01 07:21:35 -0300


Started GET "/assets/application.self-3b8dabdc891efe46b9a144b400ad69e37d7e5876bdc39dee783419a69d7ca819.js?body=1" for 127.0.0.1 at 2016-11-01 07:21:35 -0300


Started GET "/assets/ideas.self-877aef30ae1b040ab8a3aba4e3e309a11d7f2612f44dde450b5c157aa5f95c05.js?body=1" for 127.0.0.1 at 2016-11-01 07:21:35 -0300


Started GET "/assets/turbolinks.self-c37727e9bd6b2735da5c311aa83fead54ed0be6cc8bd9a65309e9c5abe2cbfff.js?body=1" for 127.0.0.1 at 2016-11-01 07:21:35 -0300


Started GET "/" for 127.0.0.1 at 2016-11-01 07:21:42 -0300


Started GET "/ideas" for 127.0.0.1 at 2016-11-01 07:21:42 -0300
Processing by IdeasController#index as HTML
  [1m[36mIdea Load (4.7ms)[0m  [1mSELECT "ideas".* FROM "ideas"[0m
  Rendered ideas/index.html.erb within layouts/application (20.7ms)
Completed 200 OK in 112ms (Views: 105.3ms | ActiveRecord: 4.7ms)


Started GET "/ideas" for 127.0.0.1 at 2016-11-01 07:21:47 -0300
Processing by IdeasController#index as HTML
  [1m[35mIdea Load (0.5ms)[0m  SELECT "ideas".* FROM "ideas"
  Rendered ideas/index.html.erb within layouts/application (7.5ms)
Completed 200 OK in 99ms (Views: 97.5ms | ActiveRecord: 0.5ms)


Started GET "/ideas" for 127.0.0.1 at 2016-11-01 07:21:53 -0300
Processing by IdeasController#index as HTML
  [1m[36mIdea Load (0.7ms)[0m  [1mSELECT "ideas".* FROM "ideas"[0m
  Rendered ideas/index.html.erb within layouts/application (25.9ms)
Completed 200 OK in 150ms (Views: 148.1ms | ActiveRecord: 0.7ms)


Started GET "/ideas/1" for 127.0.0.1 at 2016-11-01 07:21:55 -0300
Processing by IdeasController#show as HTML
  Parameters: {"id"=>"1"}
  [1m[35mIdea Load (7.0ms)[0m  SELECT  "ideas".* FROM "ideas" WHERE "ideas"."id" = ? LIMIT 1  [["id", 1]]
  Rendered ideas/show.html.erb within layouts/application (0.3ms)
Completed 200 OK in 176ms (Views: 119.3ms | ActiveRecord: 7.0ms)


Started GET "/ideas/1/edit" for 127.0.0.1 at 2016-11-01 07:21:58 -0300
Processing by IdeasController#edit as HTML
  Parameters: {"id"=>"1"}
  [1m[36mIdea Load (0.1ms)[0m  [1mSELECT  "ideas".* FROM "ideas" WHERE "ideas"."id" = ? LIMIT 1[0m  [["id", 1]]
  Rendered ideas/_form.html.erb (102.1ms)
  Rendered ideas/edit.html.erb within layouts/application (113.8ms)
Completed 200 OK in 176ms (Views: 174.3ms | ActiveRecord: 0.1ms)


Started GET "/ideas/1/edit" for 127.0.0.1 at 2016-11-01 07:22:27 -0300

ActionController::RoutingError (No route matches [GET] "/ideas/1/edit"):
  /usr/lib/ruby/vendor_ruby/action_dispatch/middleware/debug_exceptions.rb:21:in `call'
  /usr/lib/ruby/vendor_ruby/web_console/middleware.rb:39:in `call'
  /usr/lib/ruby/vendor_ruby/action_dispatch/middleware/show_exceptions.rb:30:in `call'
  /usr/lib/ruby/vendor_ruby/rails/rack/logger.rb:38:in `call_app'
  /usr/lib/ruby/vendor_ruby/rails/rack/logger.rb:20:in `block in call'
  /usr/lib/ruby/vendor_ruby/active_support/tagged_logging.rb:68:in `block in tagged'
  /usr/lib/ruby/vendor_ruby/active_support/tagged_logging.rb:26:in `tagged'
  /usr/lib/ruby/vendor_ruby/active_support/tagged_logging.rb:68:in `tagged'
  /usr/lib/ruby/vendor_ruby/rails/rack/logger.rb:20:in `call'
  /usr/lib/ruby/vendor_ruby/action_dispatch/middleware/request_id.rb:21:in `call'
  /usr/lib/ruby/vendor_ruby/rack/methodoverride.rb:22:in `call'
  /usr/lib/ruby/vendor_ruby/rack/runtime.rb:18:in `call'
  /usr/lib/ruby/vendor_ruby/active_support/cache/strategy/local_cache_middleware.rb:28:in `call'
  /usr/lib/ruby/vendor_ruby/rack/lock.rb:17:in `call'
  /usr/lib/ruby/vendor_ruby/action_dispatch/middleware/static.rb:120:in `call'
  /usr/lib/ruby/vendor_ruby/rack/sendfile.rb:113:in `call'
  /usr/lib/ruby/vendor_ruby/rails/engine.rb:518:in `call'
  /usr/lib/ruby/vendor_ruby/rails/application.rb:165:in `call'
  /usr/lib/ruby/vendor_ruby/rack/lock.rb:17:in `call'
  /usr/lib/ruby/vendor_ruby/rack/content_length.rb:15:in `call'
  /usr/lib/ruby/vendor_ruby/rack/handler/webrick.rb:88:in `service'
  /usr/lib/ruby/2.3.0/webrick/httpserver.rb:140:in `service'
  /usr/lib/ruby/2.3.0/webrick/httpserver.rb:96:in `run'
  /usr/lib/ruby/2.3.0/webrick/server.rb:296:in `block in start_thread'


  Rendered /usr/lib/ruby/vendor_ruby/action_dispatch/middleware/templates/rescues/_trace.html.erb (7.1ms)
  Rendered /usr/lib/ruby/vendor_ruby/action_dispatch/middleware/templates/routes/_route.html.erb (1.1ms)
  Rendered /usr/lib/ruby/vendor_ruby/action_dispatch/middleware/templates/routes/_table.html.erb (2.6ms)
  Rendered /usr/lib/ruby/vendor_ruby/action_dispatch/middleware/templates/rescues/_request_and_response.html.erb (1.7ms)
  Rendered /usr/lib/ruby/vendor_ruby/action_dispatch/middleware/templates/rescues/routing_error.html.erb within rescues/layout (54.1ms)
  Rendered /usr/lib/ruby/vendor_ruby/web_console/templates/_markup.html.erb (2.2ms)
  Rendered /usr/lib/ruby/vendor_ruby/web_console/templates/_inner_console_markup.html.erb within layouts/inlined_string (0.0ms)
  Rendered /usr/lib/ruby/vendor_ruby/web_console/templates/_prompt_box_markup.html.erb within layouts/inlined_string (0.3ms)
  Rendered /usr/lib/ruby/vendor_ruby/web_console/templates/style.css.erb within layouts/inlined_string (0.4ms)
  Rendered /usr/lib/ruby/vendor_ruby/web_console/templates/console.js.erb within layouts/javascript (34.6ms)
  Rendered /usr/lib/ruby/vendor_ruby/web_console/templates/main.js.erb within layouts/javascript (2.1ms)
  Rendered /usr/lib/ruby/vendor_ruby/web_console/templates/error_page.js.erb within layouts/javascript (0.7ms)
  Rendered /usr/lib/ruby/vendor_ruby/web_console/templates/index.html.erb (95.8ms)


Started GET "/ideas/1/edit" for 127.0.0.1 at 2016-11-01 07:23:17 -0300
Processing by IdeasController#edit as HTML
  Parameters: {"id"=>"1"}
  [1m[35mIdea Load (0.2ms)[0m  SELECT  "ideas".* FROM "ideas" WHERE "ideas"."id" = ? LIMIT 1  [["id", 1]]
  Rendered ideas/_form.html.erb (5.2ms)
  Rendered ideas/edit.html.erb within layouts/application (7.0ms)
Completed 200 OK in 165ms (Views: 110.1ms | ActiveRecord: 7.0ms)


Started GET "/assets/jquery.self-725288d71923a3a32b5ebc195de11754a9b74d665f5e3b4410c9608b1bd2949b.js?body=1" for 127.0.0.1 at 2016-11-01 07:23:18 -0300


Started GET "/assets/jquery_ujs.self-d456baa54c1fa6be2ec3711f0a72ddf7a5b2f34a6b4f515f33767d6207b7d4b3.js?body=1" for 127.0.0.1 at 2016-11-01 07:23:18 -0300


Started GET "/assets/turbolinks.self-c37727e9bd6b2735da5c311aa83fead54ed0be6cc8bd9a65309e9c5abe2cbfff.js?body=1" for 127.0.0.1 at 2016-11-01 07:23:18 -0300


Started GET "/assets/ideas.self-877aef30ae1b040ab8a3aba4e3e309a11d7f2612f44dde450b5c157aa5f95c05.js?body=1" for 127.0.0.1 at 2016-11-01 07:23:18 -0300


Started GET "/assets/application.self-3b8dabdc891efe46b9a144b400ad69e37d7e5876bdc39dee783419a69d7ca819.js?body=1" for 127.0.0.1 at 2016-11-01 07:23:18 -0300


Started GET "/" for 127.0.0.1 at 2016-11-01 07:23:25 -0300


Started GET "/ideas" for 127.0.0.1 at 2016-11-01 07:23:25 -0300
Processing by IdeasController#index as HTML
  [1m[36mIdea Load (0.5ms)[0m  [1mSELECT "ideas".* FROM "ideas"[0m
  Rendered ideas/index.html.erb within layouts/application (9.8ms)
Completed 200 OK in 96ms (Views: 93.7ms | ActiveRecord: 0.5ms)


Started GET "/ideas/1/edit" for 127.0.0.1 at 2016-11-01 07:23:28 -0300
Processing by IdeasController#edit as HTML
  Parameters: {"id"=>"1"}
  [1m[35mIdea Load (0.4ms)[0m  SELECT  "ideas".* FROM "ideas" WHERE "ideas"."id" = ? LIMIT 1  [["id", 1]]
  Rendered ideas/_form.html.erb (3.0ms)
  Rendered ideas/edit.html.erb within layouts/application (10.0ms)
Completed 200 OK in 91ms (Views: 84.7ms | ActiveRecord: 0.4ms)


Started GET "/" for 127.0.0.1 at 2016-11-01 07:23:31 -0300


Started GET "/ideas" for 127.0.0.1 at 2016-11-01 07:23:31 -0300
Processing by IdeasController#index as HTML
  [1m[36mIdea Load (0.5ms)[0m  [1mSELECT "ideas".* FROM "ideas"[0m
  Rendered ideas/index.html.erb within layouts/application (7.6ms)
Completed 200 OK in 91ms (Views: 87.7ms | ActiveRecord: 0.5ms)


Started GET "/" for 127.0.0.1 at 2016-11-01 07:27:17 -0300


Started GET "/ideas" for 127.0.0.1 at 2016-11-01 07:27:17 -0300
Processing by IdeasController#index as HTML
  [1m[35mIdea Load (0.5ms)[0m  SELECT "ideas".* FROM "ideas"
  Rendered ideas/index.html.erb within layouts/application (7.3ms)
Completed 200 OK in 117ms (Views: 116.5ms | ActiveRecord: 0.5ms)


Started GET "/assets/jquery.self-725288d71923a3a32b5ebc195de11754a9b74d665f5e3b4410c9608b1bd2949b.js?body=1" for 127.0.0.1 at 2016-11-01 07:27:18 -0300


Started GET "/assets/jquery_ujs.self-d456baa54c1fa6be2ec3711f0a72ddf7a5b2f34a6b4f515f33767d6207b7d4b3.js?body=1" for 127.0.0.1 at 2016-11-01 07:27:18 -0300


Started GET "/assets/turbolinks.self-c37727e9bd6b2735da5c311aa83fead54ed0be6cc8bd9a65309e9c5abe2cbfff.js?body=1" for 127.0.0.1 at 2016-11-01 07:27:18 -0300


Started GET "/assets/ideas.self-877aef30ae1b040ab8a3aba4e3e309a11d7f2612f44dde450b5c157aa5f95c05.js?body=1" for 127.0.0.1 at 2016-11-01 07:27:18 -0300


Started GET "/assets/application.self-3b8dabdc891efe46b9a144b400ad69e37d7e5876bdc39dee783419a69d7ca819.js?body=1" for 127.0.0.1 at 2016-11-01 07:27:18 -0300


Started GET "/" for 127.0.0.1 at 2016-11-01 07:27:21 -0300


Started GET "/ideas" for 127.0.0.1 at 2016-11-01 07:27:21 -0300
Processing by IdeasController#index as HTML
  [1m[36mIdea Load (0.4ms)[0m  [1mSELECT "ideas".* FROM "ideas"[0m
  Rendered ideas/index.html.erb within layouts/application (11.5ms)
Completed 200 OK in 75ms (Views: 73.0ms | ActiveRecord: 0.4ms)


Started GET "/" for 127.0.0.1 at 2016-11-01 07:27:42 -0300


Started GET "/ideas" for 127.0.0.1 at 2016-11-01 07:27:42 -0300
Processing by IdeasController#index as HTML
  [1m[35mIdea Load (0.5ms)[0m  SELECT "ideas".* FROM "ideas"
  Rendered ideas/index.html.erb within layouts/application (3.5ms)
Completed 200 OK in 63ms (Views: 61.2ms | ActiveRecord: 0.5ms)


Started GET "/assets/jquery.self-725288d71923a3a32b5ebc195de11754a9b74d665f5e3b4410c9608b1bd2949b.js?body=1" for 127.0.0.1 at 2016-11-01 07:27:42 -0300


Started GET "/assets/jquery_ujs.self-d456baa54c1fa6be2ec3711f0a72ddf7a5b2f34a6b4f515f33767d6207b7d4b3.js?body=1" for 127.0.0.1 at 2016-11-01 07:27:42 -0300


Started GET "/assets/turbolinks.self-c37727e9bd6b2735da5c311aa83fead54ed0be6cc8bd9a65309e9c5abe2cbfff.js?body=1" for 127.0.0.1 at 2016-11-01 07:27:43 -0300


Started GET "/assets/ideas.self-877aef30ae1b040ab8a3aba4e3e309a11d7f2612f44dde450b5c157aa5f95c05.js?body=1" for 127.0.0.1 at 2016-11-01 07:27:43 -0300


Started GET "/assets/application.self-3b8dabdc891efe46b9a144b400ad69e37d7e5876bdc39dee783419a69d7ca819.js?body=1" for 127.0.0.1 at 2016-11-01 07:27:43 -0300


Started GET "/ideas/1" for 127.0.0.1 at 2016-11-01 07:27:52 -0300
Processing by IdeasController#show as HTML
  Parameters: {"id"=>"1"}
  [1m[36mIdea Load (0.3ms)[0m  [1mSELECT  "ideas".* FROM "ideas" WHERE "ideas"."id" = ? LIMIT 1[0m  [["id", 1]]
  Rendered ideas/show.html.erb within layouts/application (0.5ms)
Completed 200 OK in 72ms (Views: 62.8ms | ActiveRecord: 0.3ms)


Started GET "/" for 127.0.0.1 at 2016-11-01 07:27:59 -0300


Started GET "/ideas" for 127.0.0.1 at 2016-11-01 07:27:59 -0300
Processing by IdeasController#index as HTML
  [1m[35mIdea Load (0.5ms)[0m  SELECT "ideas".* FROM "ideas"
  Rendered ideas/index.html.erb within layouts/application (2.2ms)
Completed 200 OK in 60ms (Views: 57.1ms | ActiveRecord: 0.5ms)


Started GET "/" for 127.0.0.1 at 2016-11-01 07:28:06 -0300


Started GET "/ideas" for 127.0.0.1 at 2016-11-01 07:28:06 -0300
Processing by IdeasController#index as HTML
  [1m[36mIdea Load (0.5ms)[0m  [1mSELECT "ideas".* FROM "ideas"[0m
  Rendered ideas/index.html.erb within layouts/application (15.8ms)
Completed 200 OK in 66ms (Views: 53.3ms | ActiveRecord: 0.5ms)


Started GET "/" for 127.0.0.1 at 2016-11-01 07:28:15 -0300


Started GET "/ideas" for 127.0.0.1 at 2016-11-01 07:28:15 -0300
Processing by IdeasController#index as HTML
  [1m[35mIdea Load (0.4ms)[0m  SELECT "ideas".* FROM "ideas"
  Rendered ideas/index.html.erb within layouts/application (2.5ms)
Completed 200 OK in 51ms (Views: 49.7ms | ActiveRecord: 0.4ms)


Started GET "/assets/jquery.self-725288d71923a3a32b5ebc195de11754a9b74d665f5e3b4410c9608b1bd2949b.js?body=1" for 127.0.0.1 at 2016-11-01 07:28:16 -0300


Started GET "/assets/jquery_ujs.self-d456baa54c1fa6be2ec3711f0a72ddf7a5b2f34a6b4f515f33767d6207b7d4b3.js?body=1" for 127.0.0.1 at 2016-11-01 07:28:16 -0300


Started GET "/assets/turbolinks.self-c37727e9bd6b2735da5c311aa83fead54ed0be6cc8bd9a65309e9c5abe2cbfff.js?body=1" for 127.0.0.1 at 2016-11-01 07:28:16 -0300


Started GET "/assets/ideas.self-877aef30ae1b040ab8a3aba4e3e309a11d7f2612f44dde450b5c157aa5f95c05.js?body=1" for 127.0.0.1 at 2016-11-01 07:28:16 -0300


Started GET "/assets/application.self-3b8dabdc891efe46b9a144b400ad69e37d7e5876bdc39dee783419a69d7ca819.js?body=1" for 127.0.0.1 at 2016-11-01 07:28:16 -0300


Started GET "/" for 127.0.0.1 at 2016-11-01 07:29:35 -0300


Started GET "/ideas" for 127.0.0.1 at 2016-11-01 07:29:35 -0300
Processing by IdeasController#index as HTML
  [1m[36mIdea Load (0.6ms)[0m  [1mSELECT "ideas".* FROM "ideas"[0m
  Rendered ideas/index.html.erb within layouts/application (2.4ms)
Completed 200 OK in 99ms (Views: 96.7ms | ActiveRecord: 0.6ms)


Started GET "/" for 127.0.0.1 at 2016-11-01 07:30:32 -0300


Started GET "/ideas" for 127.0.0.1 at 2016-11-01 07:30:32 -0300
Processing by IdeasController#index as HTML
  [1m[35mIdea Load (0.7ms)[0m  SELECT "ideas".* FROM "ideas"
  Rendered ideas/index.html.erb within layouts/application (12.4ms)
Completed 200 OK in 90ms (Views: 87.5ms | ActiveRecord: 0.7ms)


Started GET "/assets/jquery.self-725288d71923a3a32b5ebc195de11754a9b74d665f5e3b4410c9608b1bd2949b.js?body=1" for 127.0.0.1 at 2016-11-01 07:30:32 -0300


Started GET "/assets/jquery_ujs.self-d456baa54c1fa6be2ec3711f0a72ddf7a5b2f34a6b4f515f33767d6207b7d4b3.js?body=1" for 127.0.0.1 at 2016-11-01 07:30:32 -0300


Started GET "/assets/turbolinks.self-c37727e9bd6b2735da5c311aa83fead54ed0be6cc8bd9a65309e9c5abe2cbfff.js?body=1" for 127.0.0.1 at 2016-11-01 07:30:32 -0300


Started GET "/assets/application.self-3b8dabdc891efe46b9a144b400ad69e37d7e5876bdc39dee783419a69d7ca819.js?body=1" for 127.0.0.1 at 2016-11-01 07:30:32 -0300


Started GET "/assets/ideas.self-877aef30ae1b040ab8a3aba4e3e309a11d7f2612f44dde450b5c157aa5f95c05.js?body=1" for 127.0.0.1 at 2016-11-01 07:30:32 -0300


Started GET "/ideas" for 127.0.0.1 at 2016-11-01 07:31:13 -0300
Processing by IdeasController#index as HTML
  [1m[36mIdea Load (0.3ms)[0m  [1mSELECT "ideas".* FROM "ideas"[0m
  Rendered ideas/index.html.erb within layouts/application (37.1ms)
Completed 500 Internal Server Error in 42ms (ActiveRecord: 0.3ms)

ActionView::Template::Error (undefined method `nome' for #<Idea:0x007faefd292490>
Did you mean?  name):
    15:   <tbody>
    16:     <% @ideas.each do |idea| %>
    17:       <tr>
    18:         <td><%= idea.nome %></td>
    19:         <td><%= idea.description %></td>
    20:         <td><%= idea.picture %></td>
    21:         <td><%= link_to 'Show', idea %></td>
  app/views/ideas/index.html.erb:18:in `block in _app_views_ideas_index_html_erb___769864730648286788_70194774371060'
  app/views/ideas/index.html.erb:16:in `_app_views_ideas_index_html_erb___769864730648286788_70194774371060'


  Rendered /usr/lib/ruby/vendor_ruby/action_dispatch/middleware/templates/rescues/_source.erb (12.0ms)
  Rendered /usr/lib/ruby/vendor_ruby/action_dispatch/middleware/templates/rescues/_trace.html.erb (6.1ms)
  Rendered /usr/lib/ruby/vendor_ruby/action_dispatch/middleware/templates/rescues/_request_and_response.html.erb (1.4ms)
  Rendered /usr/lib/ruby/vendor_ruby/action_dispatch/middleware/templates/rescues/template_error.html.erb within rescues/layout (82.9ms)
  Rendered /usr/lib/ruby/vendor_ruby/web_console/templates/_markup.html.erb (0.7ms)
  Rendered /usr/lib/ruby/vendor_ruby/web_console/templates/_inner_console_markup.html.erb within layouts/inlined_string (1.3ms)
  Rendered /usr/lib/ruby/vendor_ruby/web_console/templates/_prompt_box_markup.html.erb within layouts/inlined_string (0.4ms)
  Rendered /usr/lib/ruby/vendor_ruby/web_console/templates/style.css.erb within layouts/inlined_string (0.6ms)
  Rendered /usr/lib/ruby/vendor_ruby/web_console/templates/console.js.erb within layouts/javascript (55.1ms)
  Rendered /usr/lib/ruby/vendor_ruby/web_console/templates/main.js.erb within layouts/javascript (3.4ms)
  Rendered /usr/lib/ruby/vendor_ruby/web_console/templates/error_page.js.erb within layouts/javascript (1.9ms)
  Rendered /usr/lib/ruby/vendor_ruby/web_console/templates/index.html.erb (103.1ms)


Started GET "/ideas" for 127.0.0.1 at 2016-11-01 07:31:36 -0300
Processing by IdeasController#index as HTML
  [1m[35mIdea Load (1.4ms)[0m  SELECT "ideas".* FROM "ideas"
  Rendered ideas/index.html.erb within layouts/application (29.6ms)
Completed 200 OK in 110ms (Views: 106.8ms | ActiveRecord: 1.4ms)


Started GET "/assets/jquery.self-725288d71923a3a32b5ebc195de11754a9b74d665f5e3b4410c9608b1bd2949b.js?body=1" for 127.0.0.1 at 2016-11-01 07:31:36 -0300


Started GET "/assets/turbolinks.self-c37727e9bd6b2735da5c311aa83fead54ed0be6cc8bd9a65309e9c5abe2cbfff.js?body=1" for 127.0.0.1 at 2016-11-01 07:31:37 -0300


Started GET "/assets/jquery_ujs.self-d456baa54c1fa6be2ec3711f0a72ddf7a5b2f34a6b4f515f33767d6207b7d4b3.js?body=1" for 127.0.0.1 at 2016-11-01 07:31:37 -0300


Started GET "/assets/application.self-3b8dabdc891efe46b9a144b400ad69e37d7e5876bdc39dee783419a69d7ca819.js?body=1" for 127.0.0.1 at 2016-11-01 07:31:37 -0300


Started GET "/assets/ideas.self-877aef30ae1b040ab8a3aba4e3e309a11d7f2612f44dde450b5c157aa5f95c05.js?body=1" for 127.0.0.1 at 2016-11-01 07:31:37 -0300


Started GET "/ideas" for 127.0.0.1 at 2016-11-01 07:32:58 -0300
Processing by IdeasController#index as HTML
  [1m[36mIdea Load (0.5ms)[0m  [1mSELECT "ideas".* FROM "ideas"[0m
  Rendered ideas/index.html.erb within layouts/application (6.0ms)
Completed 200 OK in 61ms (Views: 58.9ms | ActiveRecord: 0.5ms)


Started GET "/assets/jquery.self-725288d71923a3a32b5ebc195de11754a9b74d665f5e3b4410c9608b1bd2949b.js?body=1" for 127.0.0.1 at 2016-11-01 07:32:58 -0300


Started GET "/assets/jquery_ujs.self-d456baa54c1fa6be2ec3711f0a72ddf7a5b2f34a6b4f515f33767d6207b7d4b3.js?body=1" for 127.0.0.1 at 2016-11-01 07:32:58 -0300


Started GET "/assets/turbolinks.self-c37727e9bd6b2735da5c311aa83fead54ed0be6cc8bd9a65309e9c5abe2cbfff.js?body=1" for 127.0.0.1 at 2016-11-01 07:32:58 -0300


Started GET "/assets/ideas.self-877aef30ae1b040ab8a3aba4e3e309a11d7f2612f44dde450b5c157aa5f95c05.js?body=1" for 127.0.0.1 at 2016-11-01 07:32:58 -0300


Started GET "/assets/application.self-3b8dabdc891efe46b9a144b400ad69e37d7e5876bdc39dee783419a69d7ca819.js?body=1" for 127.0.0.1 at 2016-11-01 07:32:58 -0300


Started GET "/ideas" for 127.0.0.1 at 2016-11-01 07:33:31 -0300
Processing by IdeasController#index as HTML
  [1m[35mIdea Load (0.5ms)[0m  SELECT "ideas".* FROM "ideas"
  Rendered ideas/index.html.erb within layouts/application (9.0ms)
Completed 200 OK in 88ms (Views: 77.7ms | ActiveRecord: 0.5ms)


Started GET "/assets/jquery.self-725288d71923a3a32b5ebc195de11754a9b74d665f5e3b4410c9608b1bd2949b.js?body=1" for 127.0.0.1 at 2016-11-01 07:33:31 -0300


Started GET "/assets/jquery_ujs.self-d456baa54c1fa6be2ec3711f0a72ddf7a5b2f34a6b4f515f33767d6207b7d4b3.js?body=1" for 127.0.0.1 at 2016-11-01 07:33:31 -0300


Started GET "/assets/turbolinks.self-c37727e9bd6b2735da5c311aa83fead54ed0be6cc8bd9a65309e9c5abe2cbfff.js?body=1" for 127.0.0.1 at 2016-11-01 07:33:31 -0300


Started GET "/assets/application.self-3b8dabdc891efe46b9a144b400ad69e37d7e5876bdc39dee783419a69d7ca819.js?body=1" for 127.0.0.1 at 2016-11-01 07:33:31 -0300


Started GET "/assets/ideas.self-877aef30ae1b040ab8a3aba4e3e309a11d7f2612f44dde450b5c157aa5f95c05.js?body=1" for 127.0.0.1 at 2016-11-01 07:33:31 -0300


Started GET "/ideas" for 127.0.0.1 at 2016-11-01 07:34:13 -0300
Processing by IdeasController#index as HTML
  [1m[36mIdea Load (0.2ms)[0m  [1mSELECT "ideas".* FROM "ideas"[0m
  Rendered ideas/index.html.erb within layouts/application (24.6ms)
Completed 200 OK in 76ms (Views: 73.8ms | ActiveRecord: 0.2ms)


Started GET "/assets/jquery.self-725288d71923a3a32b5ebc195de11754a9b74d665f5e3b4410c9608b1bd2949b.js?body=1" for 127.0.0.1 at 2016-11-01 07:34:13 -0300


Started GET "/assets/jquery_ujs.self-d456baa54c1fa6be2ec3711f0a72ddf7a5b2f34a6b4f515f33767d6207b7d4b3.js?body=1" for 127.0.0.1 at 2016-11-01 07:34:13 -0300


Started GET "/assets/turbolinks.self-c37727e9bd6b2735da5c311aa83fead54ed0be6cc8bd9a65309e9c5abe2cbfff.js?body=1" for 127.0.0.1 at 2016-11-01 07:34:13 -0300


Started GET "/assets/ideas.self-877aef30ae1b040ab8a3aba4e3e309a11d7f2612f44dde450b5c157aa5f95c05.js?body=1" for 127.0.0.1 at 2016-11-01 07:34:13 -0300


Started GET "/assets/application.self-3b8dabdc891efe46b9a144b400ad69e37d7e5876bdc39dee783419a69d7ca819.js?body=1" for 127.0.0.1 at 2016-11-01 07:34:13 -0300


Started GET "/ideas" for 127.0.0.1 at 2016-11-01 07:34:34 -0300
Processing by IdeasController#index as HTML
  [1m[35mIdea Load (0.3ms)[0m  SELECT "ideas".* FROM "ideas"
  Rendered ideas/index.html.erb within layouts/application (20.9ms)
Completed 200 OK in 107ms (Views: 105.3ms | ActiveRecord: 0.3ms)


Started GET "/ideas" for 127.0.0.1 at 2016-11-01 07:36:08 -0300
Processing by IdeasController#index as HTML
  [1m[36mIdea Load (25.5ms)[0m  [1mSELECT "ideas".* FROM "ideas"[0m
  Rendered ideas/index.html.erb within layouts/application (106.0ms)
Completed 200 OK in 292ms (Views: 263.5ms | ActiveRecord: 25.5ms)


Started GET "/assets/jquery.self-725288d71923a3a32b5ebc195de11754a9b74d665f5e3b4410c9608b1bd2949b.js?body=1" for 127.0.0.1 at 2016-11-01 07:36:08 -0300


Started GET "/assets/jquery_ujs.self-d456baa54c1fa6be2ec3711f0a72ddf7a5b2f34a6b4f515f33767d6207b7d4b3.js?body=1" for 127.0.0.1 at 2016-11-01 07:36:08 -0300


Started GET "/assets/turbolinks.self-c37727e9bd6b2735da5c311aa83fead54ed0be6cc8bd9a65309e9c5abe2cbfff.js?body=1" for 127.0.0.1 at 2016-11-01 07:36:09 -0300


Started GET "/assets/ideas.self-877aef30ae1b040ab8a3aba4e3e309a11d7f2612f44dde450b5c157aa5f95c05.js?body=1" for 127.0.0.1 at 2016-11-01 07:36:09 -0300


Started GET "/assets/application.self-3b8dabdc891efe46b9a144b400ad69e37d7e5876bdc39dee783419a69d7ca819.js?body=1" for 127.0.0.1 at 2016-11-01 07:36:09 -0300


Started GET "/ideas/1" for 127.0.0.1 at 2016-11-01 07:36:16 -0300
Processing by IdeasController#show as HTML
  Parameters: {"id"=>"1"}
  [1m[35mIdea Load (0.6ms)[0m  SELECT  "ideas".* FROM "ideas" WHERE "ideas"."id" = ? LIMIT 1  [["id", 1]]
  Rendered ideas/show.html.erb within layouts/application (50.7ms)
Completed 500 Internal Server Error in 81ms (ActiveRecord: 0.6ms)

ActionView::Template::Error (undefined method `nome' for #<Idea:0x00555ac66459a8>
Did you mean?  name):
    2: 
    3: <p>
    4:   <strong>Name:</strong>
    5:   <%= @idea.nome %>
    6: </p>
    7: 
    8: <p>
  app/views/ideas/show.html.erb:5:in `_app_views_ideas_show_html_erb__2045485029418453232_46924181924300'


  Rendered /usr/lib/ruby/vendor_ruby/action_dispatch/middleware/templates/rescues/_source.erb (7.1ms)
  Rendered /usr/lib/ruby/vendor_ruby/action_dispatch/middleware/templates/rescues/_trace.html.erb (3.3ms)
  Rendered /usr/lib/ruby/vendor_ruby/action_dispatch/middleware/templates/rescues/_request_and_response.html.erb (1.3ms)
  Rendered /usr/lib/ruby/vendor_ruby/action_dispatch/middleware/templates/rescues/template_error.html.erb within rescues/layout (48.4ms)
  Rendered /usr/lib/ruby/vendor_ruby/web_console/templates/_markup.html.erb (0.5ms)
  Rendered /usr/lib/ruby/vendor_ruby/web_console/templates/_inner_console_markup.html.erb within layouts/inlined_string (0.5ms)
  Rendered /usr/lib/ruby/vendor_ruby/web_console/templates/_prompt_box_markup.html.erb within layouts/inlined_string (0.3ms)
  Rendered /usr/lib/ruby/vendor_ruby/web_console/templates/style.css.erb within layouts/inlined_string (0.4ms)
  Rendered /usr/lib/ruby/vendor_ruby/web_console/templates/console.js.erb within layouts/javascript (37.0ms)
  Rendered /usr/lib/ruby/vendor_ruby/web_console/templates/main.js.erb within layouts/javascript (0.3ms)
  Rendered /usr/lib/ruby/vendor_ruby/web_console/templates/error_page.js.erb within layouts/javascript (1.0ms)
  Rendered /usr/lib/ruby/vendor_ruby/web_console/templates/index.html.erb (84.1ms)


Started GET "/ideas/1" for 127.0.0.1 at 2016-11-01 07:36:17 -0300
Processing by IdeasController#show as HTML
  Parameters: {"id"=>"1"}
  [1m[36mIdea Load (0.6ms)[0m  [1mSELECT  "ideas".* FROM "ideas" WHERE "ideas"."id" = ? LIMIT 1[0m  [["id", 1]]
  Rendered ideas/show.html.erb within layouts/application (15.8ms)
Completed 500 Internal Server Error in 42ms (ActiveRecord: 0.6ms)

ActionView::Template::Error (undefined method `nome' for #<Idea:0x007faefc8f1e68>
Did you mean?  name):
    2: 
    3: <p>
    4:   <strong>Name:</strong>
    5:   <%= @idea.nome %>
    6: </p>
    7: 
    8: <p>
  app/views/ideas/show.html.erb:5:in `_app_views_ideas_show_html_erb__2045485029418453232_70194769123200'


  Rendered /usr/lib/ruby/vendor_ruby/action_dispatch/middleware/templates/rescues/_source.erb (5.3ms)
  Rendered /usr/lib/ruby/vendor_ruby/action_dispatch/middleware/templates/rescues/_trace.html.erb (2.5ms)
  Rendered /usr/lib/ruby/vendor_ruby/action_dispatch/middleware/templates/rescues/_request_and_response.html.erb (0.1ms)
  Rendered /usr/lib/ruby/vendor_ruby/action_dispatch/middleware/templates/rescues/template_error.html.erb within rescues/layout (44.1ms)
  Rendered /usr/lib/ruby/vendor_ruby/web_console/templates/_markup.html.erb (0.3ms)
  Rendered /usr/lib/ruby/vendor_ruby/web_console/templates/_inner_console_markup.html.erb within layouts/inlined_string (0.2ms)
  Rendered /usr/lib/ruby/vendor_ruby/web_console/templates/_prompt_box_markup.html.erb within layouts/inlined_string (0.3ms)
  Rendered /usr/lib/ruby/vendor_ruby/web_console/templates/style.css.erb within layouts/inlined_string (0.4ms)
  Rendered /usr/lib/ruby/vendor_ruby/web_console/templates/console.js.erb within layouts/javascript (38.7ms)
  Rendered /usr/lib/ruby/vendor_ruby/web_console/templates/main.js.erb within layouts/javascript (0.3ms)
  Rendered /usr/lib/ruby/vendor_ruby/web_console/templates/error_page.js.erb within layouts/javascript (0.4ms)
  Rendered /usr/lib/ruby/vendor_ruby/web_console/templates/index.html.erb (56.9ms)


Started GET "/ideas/1" for 127.0.0.1 at 2016-11-01 07:36:32 -0300
Processing by IdeasController#show as HTML
  Parameters: {"id"=>"1"}
  [1m[35mIdea Load (0.6ms)[0m  SELECT  "ideas".* FROM "ideas" WHERE "ideas"."id" = ? LIMIT 1  [["id", 1]]
  Rendered ideas/show.html.erb within layouts/application (14.5ms)
Completed 200 OK in 84ms (Views: 80.5ms | ActiveRecord: 0.6ms)


Started GET "/assets/jquery.self-725288d71923a3a32b5ebc195de11754a9b74d665f5e3b4410c9608b1bd2949b.js?body=1" for 127.0.0.1 at 2016-11-01 07:36:32 -0300


Started GET "/assets/jquery_ujs.self-d456baa54c1fa6be2ec3711f0a72ddf7a5b2f34a6b4f515f33767d6207b7d4b3.js?body=1" for 127.0.0.1 at 2016-11-01 07:36:32 -0300


Started GET "/assets/ideas.self-877aef30ae1b040ab8a3aba4e3e309a11d7f2612f44dde450b5c157aa5f95c05.js?body=1" for 127.0.0.1 at 2016-11-01 07:36:32 -0300


Started GET "/assets/turbolinks.self-c37727e9bd6b2735da5c311aa83fead54ed0be6cc8bd9a65309e9c5abe2cbfff.js?body=1" for 127.0.0.1 at 2016-11-01 07:36:32 -0300


Started GET "/assets/application.self-3b8dabdc891efe46b9a144b400ad69e37d7e5876bdc39dee783419a69d7ca819.js?body=1" for 127.0.0.1 at 2016-11-01 07:36:33 -0300
